<?xml version="1.0" encoding="UTF-8"?>
<!-- Generated by org.testng.reporters.JUnitXMLReporter -->
<testsuite hostname="DESKTOP-L5QRB6B" name="Test" tests="4" failures="1" timestamp="3 Feb 2021 06:07:15 GMT" time="16.289" errors="0">
  <testcase name="test1" time="0.394" classname="com.utility.Parallel">
    <skipped/>
  </testcase> <!-- test1 -->
  <testcase name="test2" time="0.022" classname="com.utility.Parallel"/>
  <testcase name="test1" time="0.01" classname="com.utility.Parallel">
    <skipped/>
  </testcase> <!-- test1 -->
  <testcase name="test1" time="0.009" classname="com.utility.Parallel">
    <failure type="java.lang.AssertionError" message="expected [google] but found [Google]">
      <![CDATA[java.lang.AssertionError: expected [google] but found [Google]
	at com.utility.Parallel.test1(Parallel.java:23)
	at java.util.concurrent.ThreadPoolExecutor.runWorker(Unknown Source)
	at java.util.concurrent.ThreadPoolExecutor$Worker.run(Unknown Source)
	at java.lang.Thread.run(Unknown Source)
... Removed 16 stack frames]]>
    </failure>
  </testcase> <!-- test1 -->
</testsuite> <!-- Test -->
